<?xml version="1.0" encoding="UTF-8"?>
<coverage generated="1513962497356" clover="3.2.0">
  <project timestamp="1513962497356" name="All files">
    <metrics statements="74" coveredstatements="69" conditionals="56" coveredconditionals="42" methods="31" coveredmethods="28" elements="161" coveredelements="139" complexity="0" loc="74" ncloc="74" packages="2" files="3" classes="3">
      <package name="lib">
        <metrics statements="57" coveredstatements="57" conditionals="37" coveredconditionals="35" methods="24" coveredmethods="24"/>
        <file name="dataHandler.js" path="/Users/jcelik/Coding/node-misc/heos-api/lib/dataHandler.js">
          <metrics statements="29" coveredstatements="29" conditionals="24" coveredconditionals="22" methods="9" coveredmethods="9"/>
          <line num="1" count="1" type="stmt"/>
          <line num="2" count="48" type="stmt"/>
          <line num="3" count="48" type="cond" truecount="2" falsecount="0"/>
          <line num="14" count="48" type="stmt"/>
          <line num="15" count="48" type="cond" truecount="2" falsecount="0"/>
          <line num="17" count="28" type="stmt"/>
          <line num="19" count="28" type="cond" truecount="2" falsecount="0"/>
          <line num="20" count="4" type="stmt"/>
          <line num="21" count="24" type="cond" truecount="2" falsecount="0"/>
          <line num="23" count="22" type="stmt"/>
          <line num="26" count="1" type="stmt"/>
          <line num="27" count="34" type="cond" truecount="2" falsecount="0"/>
          <line num="28" count="25" type="cond" truecount="2" falsecount="0"/>
          <line num="29" count="22" type="stmt"/>
          <line num="32" count="60" type="stmt"/>
          <line num="33" count="60" type="stmt"/>
          <line num="36" count="60" type="stmt"/>
          <line num="37" count="60" type="stmt"/>
          <line num="40" count="22" type="stmt"/>
          <line num="43" count="10" type="stmt"/>
          <line num="47" count="16" type="stmt"/>
          <line num="50" count="33" type="stmt"/>
          <line num="51" count="16" type="stmt"/>
          <line num="52" count="17" type="stmt"/>
          <line num="54" count="17" type="stmt"/>
          <line num="55" count="17" type="cond" truecount="2" falsecount="0"/>
          <line num="56" count="8" type="stmt"/>
          <line num="63" count="9" type="stmt"/>
          <line num="72" count="1" type="stmt"/>
        </file>
        <file name="eventHandler.js" path="/Users/jcelik/Coding/node-misc/heos-api/lib/eventHandler.js">
          <metrics statements="28" coveredstatements="28" conditionals="13" coveredconditionals="13" methods="15" coveredmethods="15"/>
          <line num="1" count="23" type="stmt"/>
          <line num="2" count="23" type="cond" truecount="2" falsecount="0"/>
          <line num="6" count="23" type="stmt"/>
          <line num="7" count="23" type="cond" truecount="2" falsecount="0"/>
          <line num="12" count="5" type="stmt"/>
          <line num="13" count="5" type="stmt"/>
          <line num="15" count="5" type="cond" truecount="2" falsecount="0"/>
          <line num="16" count="7" type="stmt"/>
          <line num="20" count="6" type="stmt"/>
          <line num="21" count="6" type="cond" truecount="2" falsecount="0"/>
          <line num="22" count="6" type="stmt"/>
          <line num="24" count="9" type="stmt"/>
          <line num="27" count="7" type="stmt"/>
          <line num="28" count="7" type="cond" truecount="2" falsecount="0"/>
          <line num="33" count="2" type="stmt"/>
          <line num="36" count="5" type="stmt"/>
          <line num="37" count="5" type="stmt"/>
          <line num="38" count="5" type="stmt"/>
          <line num="41" count="1" type="stmt"/>
          <line num="42" count="15" type="stmt"/>
          <line num="44" count="1" type="stmt"/>
          <line num="45" count="8" type="stmt"/>
          <line num="47" count="1" type="stmt"/>
          <line num="48" count="5" type="stmt"/>
          <line num="50" count="1" type="stmt"/>
          <line num="51" count="6" type="stmt"/>
          <line num="53" count="1" type="stmt"/>
          <line num="54" count="7" type="stmt"/>
        </file>
      </package>
      <package name="lib.utils">
        <metrics statements="17" coveredstatements="12" conditionals="19" coveredconditionals="7" methods="7" coveredmethods="4"/>
        <file name="sendCommand.js" path="/Users/jcelik/Coding/node-misc/heos-api/lib/utils/sendCommand.js">
          <metrics statements="17" coveredstatements="12" conditionals="19" coveredconditionals="7" methods="7" coveredmethods="4"/>
          <line num="1" count="1" type="stmt"/>
          <line num="2" count="1" type="stmt"/>
          <line num="4" count="1" type="stmt"/>
          <line num="5" count="0" type="stmt"/>
          <line num="6" count="0" type="cond" truecount="0" falsecount="2"/>
          <line num="7" count="0" type="stmt"/>
          <line num="8" count="0" type="stmt"/>
          <line num="11" count="13" type="stmt"/>
          <line num="16" count="13" type="stmt"/>
          <line num="19" count="13" type="cond" truecount="2" falsecount="0"/>
          <line num="25" count="3" type="stmt"/>
          <line num="26" count="1" type="stmt"/>
          <line num="28" count="13" type="stmt"/>
          <line num="29" count="13" type="stmt"/>
          <line num="32" count="1" type="stmt"/>
          <line num="33" count="0" type="cond" truecount="0" falsecount="6"/>
          <line num="35" count="1" type="cond" truecount="0" falsecount="4"/>
        </file>
      </package>
    </metrics>
  </project>
</coverage>
