TN:
SF:/Users/jcelik/Coding/node-misc/heos-api/lib/dataHandler.js
FN:1,(anonymous_0)
FN:2,(anonymous_1)
FN:26,(anonymous_2)
FN:31,(anonymous_3)
FN:35,(anonymous_4)
FN:43,(anonymous_5)
FN:43,(anonymous_6)
FN:50,(anonymous_7)
FN:51,(anonymous_8)
FNF:9
FNH:9
FNDA:48,(anonymous_0)
FNDA:48,(anonymous_1)
FNDA:34,(anonymous_2)
FNDA:60,(anonymous_3)
FNDA:60,(anonymous_4)
FNDA:10,(anonymous_5)
FNDA:16,(anonymous_6)
FNDA:33,(anonymous_7)
FNDA:17,(anonymous_8)
DA:1,1
DA:2,48
DA:3,48
DA:14,48
DA:15,48
DA:17,28
DA:19,28
DA:20,4
DA:21,24
DA:23,22
DA:26,1
DA:27,34
DA:28,25
DA:29,22
DA:32,60
DA:33,60
DA:36,60
DA:37,60
DA:40,22
DA:43,10
DA:47,16
DA:50,33
DA:51,16
DA:52,17
DA:54,17
DA:55,17
DA:56,8
DA:63,9
DA:72,1
LF:29
LH:29
BRDA:3,0,0,2
BRDA:3,0,1,46
BRDA:5,1,0,10
BRDA:5,1,1,36
BRDA:7,2,0,2
BRDA:7,2,1,34
BRDA:9,3,0,6
BRDA:9,3,1,28
BRDA:15,4,0,20
BRDA:15,4,1,28
BRDA:19,5,0,4
BRDA:19,5,1,24
BRDA:21,6,0,2
BRDA:21,6,1,22
BRDA:27,7,0,9
BRDA:27,7,1,25
BRDA:28,8,0,3
BRDA:28,8,1,22
BRDA:55,9,0,8
BRDA:55,9,1,9
BRDA:57,10,0,0
BRDA:57,10,1,8
BRDA:64,11,0,9
BRDA:64,11,1,0
BRF:24
BRH:22
end_of_record
TN:
SF:/Users/jcelik/Coding/node-misc/heos-api/lib/eventHandler.js
FN:1,(anonymous_0)
FN:1,(anonymous_1)
FN:12,(anonymous_2)
FN:12,(anonymous_3)
FN:16,(anonymous_4)
FN:20,(anonymous_5)
FN:20,(anonymous_6)
FN:24,(anonymous_7)
FN:27,(anonymous_8)
FN:27,(anonymous_9)
FN:41,(anonymous_10)
FN:44,(anonymous_11)
FN:47,(anonymous_12)
FN:50,(anonymous_13)
FN:53,(anonymous_14)
FNF:15
FNH:15
FNDA:23,(anonymous_0)
FNDA:23,(anonymous_1)
FNDA:5,(anonymous_2)
FNDA:5,(anonymous_3)
FNDA:7,(anonymous_4)
FNDA:6,(anonymous_5)
FNDA:6,(anonymous_6)
FNDA:9,(anonymous_7)
FNDA:7,(anonymous_8)
FNDA:7,(anonymous_9)
FNDA:15,(anonymous_10)
FNDA:8,(anonymous_11)
FNDA:5,(anonymous_12)
FNDA:6,(anonymous_13)
FNDA:7,(anonymous_14)
DA:1,23
DA:2,23
DA:6,23
DA:7,23
DA:12,5
DA:13,5
DA:15,5
DA:16,7
DA:20,6
DA:21,6
DA:22,6
DA:24,9
DA:27,7
DA:28,7
DA:33,2
DA:36,5
DA:37,5
DA:38,5
DA:41,1
DA:42,15
DA:44,1
DA:45,8
DA:47,1
DA:48,5
DA:50,1
DA:51,6
DA:53,1
DA:54,7
LF:28
LH:28
BRDA:2,0,0,14
BRDA:2,0,1,9
BRDA:7,1,0,10
BRDA:7,1,1,13
BRDA:15,2,0,4
BRDA:15,2,1,1
BRDA:21,3,0,6
BRDA:21,3,1,1
BRDA:28,4,0,2
BRDA:28,4,1,5
BRDA:29,5,0,7
BRDA:29,5,1,6
BRDA:29,5,2,6
BRF:13
BRH:13
end_of_record
TN:
SF:/Users/jcelik/Coding/node-misc/heos-api/lib/utils/sendCommand.js
FN:4,(anonymous_0)
FN:11,(anonymous_1)
FN:11,(anonymous_2)
FN:25,(anonymous_3)
FN:26,(anonymous_4)
FN:32,(anonymous_5)
FN:35,(anonymous_6)
FNF:7
FNH:4
FNDA:0,(anonymous_0)
FNDA:13,(anonymous_1)
FNDA:13,(anonymous_2)
FNDA:3,(anonymous_3)
FNDA:1,(anonymous_4)
FNDA:0,(anonymous_5)
FNDA:0,(anonymous_6)
DA:1,1
DA:2,1
DA:4,1
DA:5,0
DA:6,0
DA:7,0
DA:8,0
DA:11,13
DA:16,13
DA:19,13
DA:25,3
DA:26,1
DA:28,13
DA:29,13
DA:32,1
DA:33,0
DA:35,1
LF:17
LH:12
BRDA:6,0,0,0
BRDA:6,0,1,0
BRDA:14,1,0,7
BRDA:19,2,0,3
BRDA:19,2,1,10
BRDA:20,3,0,1
BRDA:20,3,1,2
BRDA:21,4,0,8
BRDA:21,4,1,2
BRDA:33,5,0,0
BRDA:33,5,1,0
BRDA:33,6,0,0
BRDA:33,6,1,0
BRDA:33,7,0,0
BRDA:33,7,1,0
BRDA:35,8,0,0
BRDA:35,8,1,0
BRDA:35,9,0,0
BRDA:35,9,1,0
BRF:19
BRH:7
end_of_record
